<?xml version="1.0" encoding="UTF-8"?>
<testng-results skipped="0" failed="0" ignored="0" total="4" passed="4">
  <reporter-output>
    <line>
      <![CDATA[Chrome Launched]]>
    </line>
    <line>
      <![CDATA[Invalid Login Msg is displayed]]>
    </line>
    <line>
      <![CDATA[Browser closed]]>
    </line>
    <line>
      <![CDATA[Chrome Launched]]>
    </line>
    <line>
      <![CDATA[Logo is verified]]>
    </line>
    <line>
      <![CDATA[Logo is displayed]]>
    </line>
    <line>
      <![CDATA[Browser closed]]>
    </line>
    <line>
      <![CDATA[Chrome Launched]]>
    </line>
    <line>
      <![CDATA[Create customer msg is displayed]]>
    </line>
    <line>
      <![CDATA[Customer "GE HealthCare" has been successfully created.]]>
    </line>
    <line>
      <![CDATA[Browser closed]]>
    </line>
    <line>
      <![CDATA[Chrome Launched]]>
    </line>
    <line>
      <![CDATA[Customer has been successfully deleted.]]>
    </line>
    <line>
      <![CDATA[Browser closed]]>
    </line>
  </reporter-output>
  <suite name="Suite" duration-ms="174994" started-at="2020-12-24T06:42:19Z" finished-at="2020-12-24T06:45:14Z">
    <groups>
    </groups>
    <test name="Test" duration-ms="174994" started-at="2020-12-24T06:42:19Z" finished-at="2020-12-24T06:45:14Z">
      <class name="com.actitime.scripts.LoginTest">
        <test-method status="PASS" signature="setUp()[pri:0, instance:com.actitime.scripts.LoginTest@33c7e1bb]" name="setUp" is-config="true" duration-ms="18992" started-at="2020-12-24T06:42:19Z" finished-at="2020-12-24T06:42:38Z">
          <reporter-output>
            <line>
              <![CDATA[Chrome Launched]]>
            </line>
          </reporter-output>
        </test-method> <!-- setUp -->
        <test-method status="PASS" signature="InvalidLogin()[pri:0, instance:com.actitime.scripts.LoginTest@33c7e1bb]" name="InvalidLogin" duration-ms="9375" started-at="2020-12-24T06:42:38Z" finished-at="2020-12-24T06:42:47Z">
          <reporter-output>
            <line>
              <![CDATA[Invalid Login Msg is displayed]]>
            </line>
          </reporter-output>
        </test-method> <!-- InvalidLogin -->
        <test-method status="PASS" signature="tearDown(org.testng.ITestResult)[pri:0, instance:com.actitime.scripts.LoginTest@33c7e1bb]" name="tearDown" is-config="true" duration-ms="936" started-at="2020-12-24T06:42:47Z" finished-at="2020-12-24T06:42:48Z">
          <params>
            <param index="0">
              <value>
                <![CDATA[[TestResult name=InvalidLogin status=SUCCESS method=LoginTest.InvalidLogin()[pri:0, instance:com.actitime.scripts.LoginTest@33c7e1bb] output=Invalid Login Msg is displayed]]]>
              </value>
            </param>
          </params>
          <reporter-output>
            <line>
              <![CDATA[Browser closed]]>
            </line>
          </reporter-output>
        </test-method> <!-- tearDown -->
        <test-method status="PASS" signature="setUp()[pri:0, instance:com.actitime.scripts.LoginTest@33c7e1bb]" name="setUp" is-config="true" duration-ms="11303" started-at="2020-12-24T06:42:48Z" finished-at="2020-12-24T06:42:59Z">
          <reporter-output>
            <line>
              <![CDATA[Chrome Launched]]>
            </line>
          </reporter-output>
        </test-method> <!-- setUp -->
        <test-method status="PASS" signature="validLogin()[pri:0, instance:com.actitime.scripts.LoginTest@33c7e1bb]" name="validLogin" duration-ms="13265" started-at="2020-12-24T06:42:59Z" finished-at="2020-12-24T06:43:13Z">
          <reporter-output>
            <line>
              <![CDATA[Logo is verified]]>
            </line>
            <line>
              <![CDATA[Logo is displayed]]>
            </line>
          </reporter-output>
        </test-method> <!-- validLogin -->
        <test-method status="PASS" signature="tearDown(org.testng.ITestResult)[pri:0, instance:com.actitime.scripts.LoginTest@33c7e1bb]" name="tearDown" is-config="true" duration-ms="650" started-at="2020-12-24T06:43:13Z" finished-at="2020-12-24T06:43:13Z">
          <params>
            <param index="0">
              <value>
                <![CDATA[[TestResult name=validLogin status=SUCCESS method=LoginTest.validLogin()[pri:0, instance:com.actitime.scripts.LoginTest@33c7e1bb] output=Logo is verified]]]>
              </value>
            </param>
          </params>
          <reporter-output>
            <line>
              <![CDATA[Browser closed]]>
            </line>
          </reporter-output>
        </test-method> <!-- tearDown -->
      </class> <!-- com.actitime.scripts.LoginTest -->
      <class name="com.actitime.scripts.TasksTest">
        <test-method status="PASS" signature="setUp()[pri:0, instance:com.actitime.scripts.TasksTest@34c4973]" name="setUp" is-config="true" duration-ms="10337" started-at="2020-12-24T06:43:13Z" finished-at="2020-12-24T06:43:24Z">
          <reporter-output>
            <line>
              <![CDATA[Chrome Launched]]>
            </line>
          </reporter-output>
        </test-method> <!-- setUp -->
        <test-method status="PASS" signature="createCustomer()[pri:0, instance:com.actitime.scripts.TasksTest@34c4973]" name="createCustomer" duration-ms="34570" started-at="2020-12-24T06:43:24Z" finished-at="2020-12-24T06:43:58Z">
          <reporter-output>
            <line>
              <![CDATA[Create customer msg is displayed]]>
            </line>
            <line>
              <![CDATA[Customer "GE HealthCare" has been successfully created.]]>
            </line>
          </reporter-output>
        </test-method> <!-- createCustomer -->
        <test-method status="PASS" signature="tearDown(org.testng.ITestResult)[pri:0, instance:com.actitime.scripts.TasksTest@34c4973]" name="tearDown" is-config="true" duration-ms="793" started-at="2020-12-24T06:43:58Z" finished-at="2020-12-24T06:43:59Z">
          <params>
            <param index="0">
              <value>
                <![CDATA[[TestResult name=createCustomer status=SUCCESS method=TasksTest.createCustomer()[pri:0, instance:com.actitime.scripts.TasksTest@34c4973] output=Create customer msg is displayed]]]>
              </value>
            </param>
          </params>
          <reporter-output>
            <line>
              <![CDATA[Browser closed]]>
            </line>
          </reporter-output>
        </test-method> <!-- tearDown -->
        <test-method status="PASS" signature="setUp()[pri:0, instance:com.actitime.scripts.TasksTest@34c4973]" name="setUp" is-config="true" duration-ms="12305" started-at="2020-12-24T06:43:59Z" finished-at="2020-12-24T06:44:11Z">
          <reporter-output>
            <line>
              <![CDATA[Chrome Launched]]>
            </line>
          </reporter-output>
        </test-method> <!-- setUp -->
        <test-method status="PASS" signature="deleteCustomer()[pri:0, instance:com.actitime.scripts.TasksTest@34c4973]" name="deleteCustomer" duration-ms="61560" started-at="2020-12-24T06:44:11Z" depends-on-methods="com.actitime.scripts.TasksTest.createCustomer" finished-at="2020-12-24T06:45:13Z">
          <reporter-output>
            <line>
              <![CDATA[Customer has been successfully deleted.]]>
            </line>
          </reporter-output>
        </test-method> <!-- deleteCustomer -->
        <test-method status="PASS" signature="tearDown(org.testng.ITestResult)[pri:0, instance:com.actitime.scripts.TasksTest@34c4973]" name="tearDown" is-config="true" duration-ms="732" started-at="2020-12-24T06:45:13Z" finished-at="2020-12-24T06:45:14Z">
          <params>
            <param index="0">
              <value>
                <![CDATA[[TestResult name=deleteCustomer status=SUCCESS method=TasksTest.deleteCustomer()[pri:0, instance:com.actitime.scripts.TasksTest@34c4973] output=Customer has been successfully deleted.]]]>
              </value>
            </param>
          </params>
          <reporter-output>
            <line>
              <![CDATA[Browser closed]]>
            </line>
          </reporter-output>
        </test-method> <!-- tearDown -->
      </class> <!-- com.actitime.scripts.TasksTest -->
    </test> <!-- Test -->
  </suite> <!-- Suite -->
</testng-results>
