<?xml version="1.0" encoding="UTF-8"?>
<!-- Generated by org.testng.reporters.JUnitXMLReporter -->
<testsuite hostname="DESKTOP-DR79NDU" ignored="0" name="Test" tests="4" failures="0" timestamp="24 Dec 2020 06:45:14 GMT" time="174.994" errors="0">
  <testcase name="InvalidLogin" time="9.375" classname="com.actitime.scripts.LoginTest"/>
  <testcase name="validLogin" time="13.265" classname="com.actitime.scripts.LoginTest"/>
  <testcase name="createCustomer" time="34.57" classname="com.actitime.scripts.TasksTest"/>
  <testcase name="deleteCustomer" time="61.56" classname="com.actitime.scripts.TasksTest"/>
</testsuite> <!-- Test -->
