<?xml version="1.0" encoding="UTF-8"?>
<!-- Generated by org.testng.reporters.JUnitXMLReporter -->
<testsuite ignored="0" hostname="DESKTOP-DR79NDU" failures="0" tests="4" name="Test" time="160.511" errors="0" timestamp="17 Nov 2020 11:31:55 GMT">
  <testcase classname="com.actitime.scripts.LoginTest" name="InvalidLogin" time="11.765"/>
  <testcase classname="com.actitime.scripts.LoginTest" name="validLogin" time="10.715"/>
  <testcase classname="com.actitime.scripts.TasksTest" name="createCustomer" time="33.457"/>
  <testcase classname="com.actitime.scripts.TasksTest" name="deleteCustomer" time="39.12"/>
</testsuite> <!-- Test -->
